#
# There is insufficient memory for the Java Runtime Environment to continue.
# Native memory allocation (mmap) failed to map 130023424 bytes for G1 virtual space
# Possible reasons:
#   The system is out of physical RAM or swap space
#   The process is running with CompressedOops enabled, and the Java Heap may be blocking the growth of the native heap
# Possible solutions:
#   Reduce memory load on the system
#   Increase physical memory or swap space
#   Check if swap backing store is full
#   Decrease Java heap size (-Xmx/-Xms)
#   Decrease number of Java threads
#   Decrease Java thread stack sizes (-Xss)
#   Set larger code cache with -XX:ReservedCodeCacheSize=
#   JVM is running with Unscaled Compressed Oops mode in which the Java heap is
#     placed in the first 4GB address space. The Java Heap base address is the
#     maximum limit for the native heap growth. Please use -XX:HeapBaseMinAddress
#     to set the Java Heap base and to place the Java Heap above 4GB virtual address.
# This output file may be truncated or incomplete.
#
#  Out of Memory Error (os_windows.cpp:3530), pid=28928, tid=29612
#
# JRE version:  (18.0+36) (build )
# Java VM: Java HotSpot(TM) 64-Bit Server VM (18+36-2087, mixed mode, sharing, tiered, compressed oops, compressed class ptrs, g1 gc, windows-amd64)
# No core dump will be written. Minidumps are not enabled by default on client versions of Windows
#

---------------  S U M M A R Y ------------

Command Line: -Dfile.encoding=UTF-8 -Dstdout.encoding=UTF-8 -Dstderr.encoding=UTF-8 -XX:+ShowCodeDetailsInExceptionMessages com.in.main.Dashboard

Host: 11th Gen Intel(R) Core(TM) i5-1155G7 @ 2.50GHz, 8 cores, 7G,  Windows 11 , 64 bit Build 22621 (10.0.22621.3958)
Time: Tue Aug 27 17:30:23 2024 India Standard Time elapsed time: 0.020243 seconds (0d 0h 0m 0s)

---------------  T H R E A D  ---------------

Current thread (0x0000025f3c9bf500):  JavaThread "Unknown thread" [_thread_in_vm, id=29612, stack(0x000000d246f00000,0x000000d247000000)]

Stack: [0x000000d246f00000,0x000000d247000000]
Native frames: (J=compiled Java code, j=interpreted, Vv=VM code, C=native code)
V  [jvm.dll+0x69804a]
V  [jvm.dll+0x7f308d]
V  [jvm.dll+0x7f499e]
V  [jvm.dll+0x7f5053]
V  [jvm.dll+0x25ca3f]
V  [jvm.dll+0x694f99]
V  [jvm.dll+0x689aca]
V  [jvm.dll+0x321efb]
V  [jvm.dll+0x3298d6]
V  [jvm.dll+0x37e47e]
V  [jvm.dll+0x37e6af]
V  [jvm.dll+0x2f9c7a]
V  [jvm.dll+0x2facdd]
V  [jvm.dll+0x7c1cc0]
V  [jvm.dll+0x38b801]
V  [jvm.dll+0x7a09d3]
V  [jvm.dll+0x40d6bf]
V  [jvm.dll+0x40f091]
C  [jli.dll+0x526b]
C  [ucrtbase.dll+0x29333]
C  [KERNEL32.DLL+0x1257d]
C  [ntdll.dll+0x5af28]


---------------  P R O C E S S  ---------------

Threads class SMR info:
_java_thread_list=0x00007ff86577e550, length=0, elements={
}

Java Threads: ( => current thread )

Other Threads:
  0x0000025f3ca1fa40 WorkerThread "GC Thread#0" [stack: 0x000000d247000000,0x000000d247100000] [id=29616]
  0x0000025f3ca30e80 ConcurrentGCThread "G1 Main Marker" [stack: 0x000000d247100000,0x000000d247200000] [id=29584]
  0x0000025f3ca32010 WorkerThread "G1 Conc#0" [stack: 0x000000d247200000,0x000000d247300000] [id=29620]

[error occurred during error reporting (printing all threads), id 0xc0000005, EXCEPTION_ACCESS_VIOLATION (0xc0000005) at pc=0x00007ff864faa217]

VM state: not at safepoint (not fully initialized)

VM Mutex/Monitor currently owned by a thread:  ([mutex/lock_event])
[0x0000025f3c9bb410] Heap_lock - owner thread: 0x0000025f3c9bf500

Heap address: 0x0000000085800000, size: 1960 MB, Compressed Oops mode: 32-bit

CDS archive(s) mapped at: [0x0000000000000000-0x0000000000000000-0x0000000000000000), size 0, SharedBaseAddress: 0x0000000800000000, ArchiveRelocationMode: 0.
Narrow klass base: 0x0000000000000000, Narrow klass shift: 0, Narrow klass range: 0x0

GC Precious Log:
 CardTable entry size: 512
 Card Set container configuration: InlinePtr #cards 5 size 8 Array Of Cards #cards 12 size 40 Howl #buckets 4 coarsen threshold 1843 Howl Bitmap #cards 512 size 80 coarsen threshold 460 Card regions per heap region 1 cards per card region 2048

Heap:
 garbage-first heap   total 0K, used 0K [0x0000000085800000, 0x0000000100000000)
  region size 1024K, 0 young (0K), 0 survivors (0K)

[error occurred during error reporting (printing heap information), id 0xc0000005, EXCEPTION_ACCESS_VIOLATION (0xc0000005) at pc=0x00007ff865390489]

GC Heap History (0 events):
No events

Deoptimization events (0 events):
No events

Classes loaded (0 events):
No events

Classes unloaded (0 events):
No events

Classes redefined (0 events):
No events

Internal exceptions (0 events):
No events

VM Operations (0 events):
No events

Events (1 events):
Event: 0.007 Loaded shared library C:\Program Files\Java\jdk-18\bin\java.dll


Dynamic libraries:
0x00007ff7ce7d0000 - 0x00007ff7ce7e0000 	C:\Program Files\Java\jdk-18\bin\javaw.exe
0x00007ff8d30f0000 - 0x00007ff8d3307000 	C:\windows\SYSTEM32\ntdll.dll
0x00007ff8d2300000 - 0x00007ff8d23c4000 	C:\windows\System32\KERNEL32.DLL
0x00007ff8d0490000 - 0x00007ff8d083d000 	C:\windows\System32\KERNELBASE.dll
0x00007ff8d0bf0000 - 0x00007ff8d0d01000 	C:\windows\System32\ucrtbase.dll
0x00007ff8aeb80000 - 0x00007ff8aeb98000 	C:\Program Files\Java\jdk-18\bin\jli.dll
0x00007ff8d2780000 - 0x00007ff8d2832000 	C:\windows\System32\ADVAPI32.dll
0x00007ff8d24d0000 - 0x00007ff8d2577000 	C:\windows\System32\msvcrt.dll
0x00007ff8ac6e0000 - 0x00007ff8ac6fa000 	C:\Program Files\Java\jdk-18\bin\VCRUNTIME140.dll
0x00007ff8d1d10000 - 0x00007ff8d1db9000 	C:\windows\System32\sechost.dll
0x00007ff8d0bc0000 - 0x00007ff8d0be8000 	C:\windows\System32\bcrypt.dll
0x00007ff8d1dc0000 - 0x00007ff8d1ed4000 	C:\windows\System32\RPCRT4.dll
0x00007ff8d1120000 - 0x00007ff8d12ce000 	C:\windows\System32\USER32.dll
0x00007ff8d0a70000 - 0x00007ff8d0a96000 	C:\windows\System32\win32u.dll
0x00007ff8d0e20000 - 0x00007ff8d0e49000 	C:\windows\System32\GDI32.dll
0x00007ff8b2830000 - 0x00007ff8b2ac3000 	C:\windows\WinSxS\amd64_microsoft.windows.common-controls_6595b64144ccf1df_6.0.22621.3672_none_2713b9d173822955\COMCTL32.dll
0x00007ff8d0aa0000 - 0x00007ff8d0bb9000 	C:\windows\System32\gdi32full.dll
0x00007ff8d0d80000 - 0x00007ff8d0e1a000 	C:\windows\System32\msvcp_win.dll
0x00007ff8c9370000 - 0x00007ff8c937a000 	C:\windows\SYSTEM32\VERSION.dll
0x00007ff8d1000000 - 0x00007ff8d1031000 	C:\windows\System32\IMM32.DLL
0x00007ff8baf00000 - 0x00007ff8baf0c000 	C:\Program Files\Java\jdk-18\bin\vcruntime140_1.dll
0x00007ff866e00000 - 0x00007ff866e8d000 	C:\Program Files\Java\jdk-18\bin\msvcp140.dll
0x00007ff864ca0000 - 0x00007ff8658b1000 	C:\Program Files\Java\jdk-18\bin\server\jvm.dll
0x00007ff8d1a50000 - 0x00007ff8d1a58000 	C:\windows\System32\PSAPI.DLL
0x00007ff8cb3b0000 - 0x00007ff8cb3e4000 	C:\windows\SYSTEM32\WINMM.dll
0x00007ff8b2bb0000 - 0x00007ff8b2bb9000 	C:\windows\SYSTEM32\WSOCK32.dll
0x00007ff8d1c90000 - 0x00007ff8d1d01000 	C:\windows\System32\WS2_32.dll
0x00007ff8cf400000 - 0x00007ff8cf418000 	C:\windows\SYSTEM32\kernel.appcore.dll
0x00007ff8b1d40000 - 0x00007ff8b1d4a000 	C:\Program Files\Java\jdk-18\bin\jimage.dll
0x00007ff8cd780000 - 0x00007ff8cd9b2000 	C:\windows\SYSTEM32\DBGHELP.DLL
0x00007ff8d1f40000 - 0x00007ff8d22cd000 	C:\windows\System32\combase.dll
0x00007ff8d1040000 - 0x00007ff8d1117000 	C:\windows\System32\OLEAUT32.dll
0x00007ff8a6600000 - 0x00007ff8a6632000 	C:\windows\SYSTEM32\dbgcore.DLL
0x00007ff8d0410000 - 0x00007ff8d048b000 	C:\windows\System32\bcryptPrimitives.dll
0x00007ff87f980000 - 0x00007ff87f9a5000 	C:\Program Files\Java\jdk-18\bin\java.dll

dbghelp: loaded successfully - version: 4.0.5 - missing functions: none
symbol engine: initialized successfully - sym options: 0x614 - pdb path: .;C:\Program Files\Java\jdk-18\bin;C:\windows\SYSTEM32;C:\windows\WinSxS\amd64_microsoft.windows.common-controls_6595b64144ccf1df_6.0.22621.3672_none_2713b9d173822955;C:\Program Files\Java\jdk-18\bin\server

VM Arguments:
jvm_args: -Dfile.encoding=UTF-8 -Dstdout.encoding=UTF-8 -Dstderr.encoding=UTF-8 -XX:+ShowCodeDetailsInExceptionMessages 
java_command: com.in.main.Dashboard
java_class_path (initial): D:\JAVA-PROJECTS-FRESHER\Hotel_Management_System\bin
Launcher Type: SUN_STANDARD

[Global flags]
     intx CICompilerCount                          = 4                                         {product} {ergonomic}
     uint ConcGCThreads                            = 2                                         {product} {ergonomic}
     uint G1ConcRefinementThreads                  = 8                                         {product} {ergonomic}
   size_t G1HeapRegionSize                         = 1048576                                   {product} {ergonomic}
    uintx GCDrainStackTargetSize                   = 64                                        {product} {ergonomic}
   size_t InitialHeapSize                          = 130023424                                 {product} {ergonomic}
   size_t MarkStackSize                            = 4194304                                   {product} {ergonomic}
   size_t MaxHeapSize                              = 2055208960                                {product} {ergonomic}
   size_t MinHeapDeltaBytes                        = 1048576                                   {product} {ergonomic}
   size_t MinHeapSize                              = 8388608                                   {product} {ergonomic}
    uintx NonNMethodCodeHeapSize                   = 5839372                                {pd product} {ergonomic}
    uintx NonProfiledCodeHeapSize                  = 122909434                              {pd product} {ergonomic}
    uintx ProfiledCodeHeapSize                     = 122909434                              {pd product} {ergonomic}
    uintx ReservedCodeCacheSize                    = 251658240                              {pd product} {ergonomic}
     bool SegmentedCodeCache                       = true                                      {product} {ergonomic}
     bool ShowCodeDetailsInExceptionMessages       = true                                   {manageable} {command line}
   size_t SoftMaxHeapSize                          = 2055208960                             {manageable} {ergonomic}
     bool UseCompressedClassPointers               = true                           {product lp64_product} {ergonomic}
     bool UseCompressedOops                        = true                           {product lp64_product} {ergonomic}
     bool UseG1GC                                  = true                                      {product} {ergonomic}
     bool UseLargePagesIndividualAllocation        = false                                  {pd product} {ergonomic}

Logging:
Log output configuration:
 #0: stdout all=warning uptime,level,tags foldmultilines=false
 #1: stderr all=off uptime,level,tags foldmultilines=false

Environment Variables:
PATH=C:\oracle\product\10.2.0\db_1\bin;C:\Program Files\Common Files\Oracle\Java\javapath;C:\windows\system32;C:\windows;C:\windows\System32\Wbem;C:\windows\System32\WindowsPowerShell\v1.0\;C:\windows\System32\OpenSSH\;C:\Program Files\MySQL\MySQL Server 8.0\bin;C:\Program Files\Git\cmd;C:\Program Files\MySQL\MySQL Shell 8.0\bin\;C:\Users\chinm\AppData\Local\Microsoft\WindowsApps;;C:\Users\chinm\AppData\Local\Programs\Microsoft VS Code\bin
USERNAME=chinm
OS=Windows_NT
PROCESSOR_IDENTIFIER=Intel64 Family 6 Model 140 Stepping 2, GenuineIntel



---------------  S Y S T E M  ---------------

OS:
 Windows 11 , 64 bit Build 22621 (10.0.22621.3958)
OS uptime: 0 days 7:45 hours
Hyper-V role detected

CPU: total 8 (initial active 8) (4 cores per cpu, 2 threads per core) family 6 model 140 stepping 2 microcode 0x34, cx8, cmov, fxsr, ht, mmx, 3dnowpref, sse, sse2, sse3, ssse3, sse4.1, sse4.2, popcnt, lzcnt, tsc, tscinvbit, avx, avx2, aes, erms, clmul, bmi1, bmi2, adx, avx512f, avx512dq, avx512cd, avx512bw, avx512vl, sha, fma, vzeroupper, avx512_vpopcntdq, avx512_vpclmulqdq, avx512_vaes, avx512_vnni, clflush, clflushopt, clwb, avx512_vbmi2, avx512_vbmi, hv

Memory: 4k page, system-wide physical 7834M (673M free)
TotalPageFile size 31386M (AvailPageFile size 46M)
current process WorkingSet (physical memory assigned to process): 12M, peak: 12M
current process commit charge ("private bytes"): 60M, peak: 184M

vm_info: Java HotSpot(TM) 64-Bit Server VM (18+36-2087) for windows-amd64 JRE (18+36-2087), built on Feb 15 2022 09:43:11 by "mach5one" with MS VC++ 16.8 / 16.9 (VS2019)

END.
